<?xml version="1.0" encoding="UTF-8" standalone="yes"?>
<channel>
	<name>Movies</name>
    <thumbnail></thumbnail>
    <fanart></fanart>
	<items>
	<item><title>[COLOR=orange] M O V I E S[/COLOR]</title></item>
		<item><title>10.000.Saints.2015.1080p.YIFY</title><link>http://dl.hastidownload.biz/1/10.000.Saints.2015.1080p.YIFY.mp4</link></item>
		<item><title>10.000.Saints.2015.720p.YIFY</title><link>http://dl.hastidownload.biz/1/10.000.Saints.2015.720p.YIFY.mp4</link></item>
	</items>
</channel>

<!------
#EXTM3U
#EXTINF:-1,==========Spain==========
http://dl.hastidownload.biz/1/10.000.Saints.2015.1080p.YIFY.mp4
http://dl.hastidownload.biz/1/10.000.Saints.2015.720p.YIFY.mp4
http://dl.hastidownload.biz/1/10.Cloverfield.Lane.2016.1080p.6CH.ShAaNiG.mkv
http://dl.hastidownload.biz/1/10.Cloverfield.Lane.2016.720p.ShAaNiG.mkv
http://dl.hastidownload.biz/1/10.Cloverfield.Lane.2016.720p.x265.ShAaNiG.mkv
http://dl.hastidownload.biz/1/10000.Saints.2015.720p.WEB-DL.Ganool.mkv
http://dl.hastidownload.biz/1/12.Monkeys.S02E04.480p.mkv
http://dl.hastidownload.biz/1/12.Monkeys.S02E04.720p.mkv
http://dl.hastidownload.biz/1/12.Monkeys.S02E04.720p.x265.mkv
http://dl.hastidownload.biz/1/12.monkeys.s02e03.480.mkv
http://dl.hastidownload.biz/1/1915.2015.720p.WEBDL.mkv
http://dl.hastidownload.biz/1/2.Guns.Zero.Tolerance.2015.1080p.Ganool.mp4
http://dl.hastidownload.biz/1/2.Guns.Zero.Tolerance.2015.720p.Ganool.mp4
http://dl.hastidownload.biz/1/5.Flights.Up.2014.1080p.Ozlem.mp4
http://dl.hastidownload.biz/1/5.Flights.Up.2014.720p.WEBDL.mkv
http://dl.hastidownload.biz/1/5.Flights.Up.2015.720p.ShAaNiG.mkv
http://dl.hastidownload.biz/1/6.Ways.To.Die.2015.720p.WEB-DL.Ganool.mkv
http://dl.hastidownload.biz/1/7.Cases.2015.720p.WEB-DL.Ganool.mkv
http://dl.hastidownload.biz/1/7.Minutes.2014.1080p.YIFY.mp4
http://dl.hastidownload.biz/1/7.Minutes.2014.720p.YIFY.mp4
http://dl.hastidownload.biz/1/71.2014.1080p.BluRay.mkv
http://dl.hastidownload.biz/1/71.2014.720p.BluRay.mkv
http://dl.hastidownload.biz/1/71.2014.720p.HDRip.mkv
http://dl.hastidownload.biz/1/95ers.Time.Runners.2013.720p.BluRay.mkv
http://dl.hastidownload.biz/1/A.Brony.Tale.2014.720p.BluRay.mkv
http://dl.hastidownload.biz/1/A.D.The.Bible.Continues.S01E01.480p.mkv
http://dl.hastidownload.biz/1/A.D.The.Bible.Continues.S01E01.720p.mkv
http://dl.hastidownload.biz/1/A.D.The.Bible.Continues.S01E02.480p.mkv
http://dl.hastidownload.biz/1/A.D.The.Bible.Continues.S01E02.720p.mkv
http://dl.hastidownload.biz/1/A.D.The.Bible.Continues.S01E03.480p.mkv
http://dl.hastidownload.biz/1/A.D.The.Bible.Continues.S01E03.720p.mkv
http://dl.hastidownload.biz/1/A.D.The.Bible.Continues.S01E04.480p.mkv
http://dl.hastidownload.biz/1/A.D.The.Bible.Continues.S01E04.720p.mkv
http://dl.hastidownload.biz/1/A.D.The.Bible.Continues.S01E05.480p.mkv
http://dl.hastidownload.biz/1/A.D.The.Bible.Continues.S01E05.720p.mkv
http://dl.hastidownload.biz/1/A.D.The.Bible.Continues.S01E06.480p.mkv
http://dl.hastidownload.biz/1/A.D.The.Bible.Continues.S01E06.720p.mkv
http://dl.hastidownload.biz/1/A.D.The.Bible.Continues.S01E07.480p.mkv
http://dl.hastidownload.biz/1/A.D.The.Bible.Continues.S01E07.720p.mkv
http://dl.hastidownload.biz/1/A.D.The.Bible.Continues.S01E08.480p.mkv
http://dl.hastidownload.biz/1/A.D.The.Bible.Continues.S01E08.720p.mkv
http://dl.hastidownload.biz/1/A.D.The.Bible.Continues.S01E09.480p.mkv
http://dl.hastidownload.biz/1/A.Dark.Reflection.2015.720p.WEBDL.mkv
http://dl.hastidownload.biz/1/A.Good.Man.2014.720p.Ganool.mkv
http://dl.hastidownload.biz/1/A.Good.Marriage.2014.720p.WEBDL.mkv

----!>
